<?xml version="1.0" encoding="UTF-8"?>
<testsuite name="be.xplore.notifyme.NotifymeApplicationTests" tests="1" skipped="0" failures="0" errors="0" timestamp="2021-04-19T13:26:12" hostname="LAPTOP-7H52MUQ1" time="0.438">
  <properties/>
  <testcase name="contextLoads()" classname="be.xplore.notifyme.NotifymeApplicationTests" time="0.438"/>
  <system-out><![CDATA[15:26:10.712 [Test worker] DEBUG org.springframework.test.context.BootstrapUtils - Instantiating CacheAwareContextLoaderDelegate from class [org.springframework.test.context.cache.DefaultCacheAwareContextLoaderDelegate]
15:26:10.725 [Test worker] DEBUG org.springframework.test.context.BootstrapUtils - Instantiating BootstrapContext using constructor [public org.springframework.test.context.support.DefaultBootstrapContext(java.lang.Class,org.springframework.test.context.CacheAwareContextLoaderDelegate)]
15:26:10.764 [Test worker] DEBUG org.springframework.test.context.BootstrapUtils - Instantiating TestContextBootstrapper for test class [be.xplore.notifyme.NotifymeApplicationTests] from class [org.springframework.boot.test.context.SpringBootTestContextBootstrapper]
15:26:10.779 [Test worker] INFO org.springframework.boot.test.context.SpringBootTestContextBootstrapper - Neither @ContextConfiguration nor @ContextHierarchy found for test class [be.xplore.notifyme.NotifymeApplicationTests], using SpringBootContextLoader
15:26:10.783 [Test worker] DEBUG org.springframework.test.context.support.AbstractContextLoader - Did not detect default resource location for test class [be.xplore.notifyme.NotifymeApplicationTests]: class path resource [be/xplore/notifyme/NotifymeApplicationTests-context.xml] does not exist
15:26:10.784 [Test worker] DEBUG org.springframework.test.context.support.AbstractContextLoader - Did not detect default resource location for test class [be.xplore.notifyme.NotifymeApplicationTests]: class path resource [be/xplore/notifyme/NotifymeApplicationTestsContext.groovy] does not exist
15:26:10.784 [Test worker] INFO org.springframework.test.context.support.AbstractContextLoader - Could not detect default resource locations for test class [be.xplore.notifyme.NotifymeApplicationTests]: no resource found for suffixes {-context.xml, Context.groovy}.
15:26:10.785 [Test worker] INFO org.springframework.test.context.support.AnnotationConfigContextLoaderUtils - Could not detect default configuration classes for test class [be.xplore.notifyme.NotifymeApplicationTests]: NotifymeApplicationTests does not declare any static, non-private, non-final, nested classes annotated with @Configuration.
15:26:10.847 [Test worker] DEBUG org.springframework.test.context.support.ActiveProfilesUtils - Could not find an 'annotation declaring class' for annotation type [org.springframework.test.context.ActiveProfiles] and class [be.xplore.notifyme.NotifymeApplicationTests]
15:26:10.927 [Test worker] DEBUG org.springframework.context.annotation.ClassPathScanningCandidateComponentProvider - Identified candidate component class: file [D:\Stage\notifyme\main\build\classes\java\main\be\xplore\notifyme\NotifymeApplication.class]
15:26:10.928 [Test worker] INFO org.springframework.boot.test.context.SpringBootTestContextBootstrapper - Found @SpringBootConfiguration be.xplore.notifyme.NotifymeApplication for test class be.xplore.notifyme.NotifymeApplicationTests
15:26:11.053 [Test worker] DEBUG org.springframework.boot.test.context.SpringBootTestContextBootstrapper - @TestExecutionListeners is not present for class [be.xplore.notifyme.NotifymeApplicationTests]: using defaults.
15:26:11.054 [Test worker] INFO org.springframework.boot.test.context.SpringBootTestContextBootstrapper - Loaded default TestExecutionListener class names from location [META-INF/spring.factories]: [org.springframework.boot.test.autoconfigure.restdocs.RestDocsTestExecutionListener, org.springframework.boot.test.autoconfigure.web.client.MockRestServiceServerResetTestExecutionListener, org.springframework.boot.test.autoconfigure.web.servlet.MockMvcPrintOnlyOnFailureTestExecutionListener, org.springframework.boot.test.autoconfigure.web.servlet.WebDriverTestExecutionListener, org.springframework.boot.test.autoconfigure.webservices.client.MockWebServiceServerTestExecutionListener, org.springframework.boot.test.mock.mockito.MockitoTestExecutionListener, org.springframework.boot.test.mock.mockito.ResetMocksTestExecutionListener, org.springframework.test.context.web.ServletTestExecutionListener, org.springframework.test.context.support.DirtiesContextBeforeModesTestExecutionListener, org.springframework.test.context.event.ApplicationEventsTestExecutionListener, org.springframework.test.context.support.DependencyInjectionTestExecutionListener, org.springframework.test.context.support.DirtiesContextTestExecutionListener, org.springframework.test.context.transaction.TransactionalTestExecutionListener, org.springframework.test.context.jdbc.SqlScriptsTestExecutionListener, org.springframework.test.context.event.EventPublishingTestExecutionListener]
15:26:11.062 [Test worker] DEBUG org.springframework.boot.test.context.SpringBootTestContextBootstrapper - Skipping candidate TestExecutionListener [org.springframework.test.context.web.ServletTestExecutionListener] due to a missing dependency. Specify custom listener classes or make the default listener classes and their required dependencies available. Offending class: [javax/servlet/ServletContext]
15:26:11.064 [Test worker] DEBUG org.springframework.boot.test.context.SpringBootTestContextBootstrapper - Skipping candidate TestExecutionListener [org.springframework.test.context.transaction.TransactionalTestExecutionListener] due to a missing dependency. Specify custom listener classes or make the default listener classes and their required dependencies available. Offending class: [org/springframework/transaction/TransactionDefinition]
15:26:11.065 [Test worker] DEBUG org.springframework.boot.test.context.SpringBootTestContextBootstrapper - Skipping candidate TestExecutionListener [org.springframework.test.context.jdbc.SqlScriptsTestExecutionListener] due to a missing dependency. Specify custom listener classes or make the default listener classes and their required dependencies available. Offending class: [org/springframework/transaction/interceptor/TransactionAttribute]
15:26:11.065 [Test worker] INFO org.springframework.boot.test.context.SpringBootTestContextBootstrapper - Using TestExecutionListeners: [org.springframework.test.context.support.DirtiesContextBeforeModesTestExecutionListener@5816be6f, org.springframework.test.context.event.ApplicationEventsTestExecutionListener@6f3b92ba, org.springframework.boot.test.mock.mockito.MockitoTestExecutionListener@789fee64, org.springframework.boot.test.autoconfigure.SpringBootDependencyInjectionTestExecutionListener@3e9302b9, org.springframework.test.context.support.DirtiesContextTestExecutionListener@531b26c2, org.springframework.test.context.event.EventPublishingTestExecutionListener@6006c059, org.springframework.boot.test.autoconfigure.restdocs.RestDocsTestExecutionListener@67edfef3, org.springframework.boot.test.autoconfigure.web.client.MockRestServiceServerResetTestExecutionListener@41cdae7d, org.springframework.boot.test.autoconfigure.web.servlet.MockMvcPrintOnlyOnFailureTestExecutionListener@4b6abdb0, org.springframework.boot.test.autoconfigure.web.servlet.WebDriverTestExecutionListener@1db8a88c, org.springframework.boot.test.autoconfigure.webservices.client.MockWebServiceServerTestExecutionListener@152ad7ae, org.springframework.boot.test.mock.mockito.ResetMocksTestExecutionListener@39b83d30]
15:26:11.069 [Test worker] DEBUG org.springframework.test.context.support.AbstractDirtiesContextTestExecutionListener - Before test class: context [DefaultTestContext@332fa6d0 testClass = NotifymeApplicationTests, testInstance = [null], testMethod = [null], testException = [null], mergedContextConfiguration = [MergedContextConfiguration@5c447308 testClass = NotifymeApplicationTests, locations = '{}', classes = '{class be.xplore.notifyme.NotifymeApplication}', contextInitializerClasses = '[]', activeProfiles = '{}', propertySourceLocations = '{}', propertySourceProperties = '{org.springframework.boot.test.context.SpringBootTestContextBootstrapper=true}', contextCustomizers = set[org.springframework.boot.test.autoconfigure.actuate.metrics.MetricsExportContextCustomizerFactory$DisableMetricExportContextCustomizer@4256d81f, org.springframework.boot.test.autoconfigure.properties.PropertyMappingContextCustomizer@0, org.springframework.boot.test.autoconfigure.web.servlet.WebDriverContextCustomizerFactory$Customizer@5770e80e, org.springframework.boot.test.context.filter.ExcludeFilterContextCustomizer@fce4df3, org.springframework.boot.test.json.DuplicateJsonObjectContextCustomizerFactory$DuplicateJsonObjectContextCustomizer@cd68eb7, org.springframework.boot.test.mock.mockito.MockitoContextCustomizer@0, org.springframework.boot.test.web.client.TestRestTemplateContextCustomizer@3b266b71, org.springframework.boot.test.context.SpringBootTestArgs@1, org.springframework.boot.test.context.SpringBootTestWebEnvironment@326d2f5c], contextLoader = 'org.springframework.boot.test.context.SpringBootContextLoader', parent = [null]], attributes = map[[empty]]], class annotated with @DirtiesContext [false] with mode [null].
15:26:11.085 [Test worker] DEBUG org.springframework.test.context.support.DependencyInjectionTestExecutionListener - Performing dependency injection for test context [[DefaultTestContext@332fa6d0 testClass = NotifymeApplicationTests, testInstance = be.xplore.notifyme.NotifymeApplicationTests@47caab98, testMethod = [null], testException = [null], mergedContextConfiguration = [MergedContextConfiguration@5c447308 testClass = NotifymeApplicationTests, locations = '{}', classes = '{class be.xplore.notifyme.NotifymeApplication}', contextInitializerClasses = '[]', activeProfiles = '{}', propertySourceLocations = '{}', propertySourceProperties = '{org.springframework.boot.test.context.SpringBootTestContextBootstrapper=true}', contextCustomizers = set[org.springframework.boot.test.autoconfigure.actuate.metrics.MetricsExportContextCustomizerFactory$DisableMetricExportContextCustomizer@4256d81f, org.springframework.boot.test.autoconfigure.properties.PropertyMappingContextCustomizer@0, org.springframework.boot.test.autoconfigure.web.servlet.WebDriverContextCustomizerFactory$Customizer@5770e80e, org.springframework.boot.test.context.filter.ExcludeFilterContextCustomizer@fce4df3, org.springframework.boot.test.json.DuplicateJsonObjectContextCustomizerFactory$DuplicateJsonObjectContextCustomizer@cd68eb7, org.springframework.boot.test.mock.mockito.MockitoContextCustomizer@0, org.springframework.boot.test.web.client.TestRestTemplateContextCustomizer@3b266b71, org.springframework.boot.test.context.SpringBootTestArgs@1, org.springframework.boot.test.context.SpringBootTestWebEnvironment@326d2f5c], contextLoader = 'org.springframework.boot.test.context.SpringBootContextLoader', parent = [null]], attributes = map['org.springframework.test.context.event.ApplicationEventsTestExecutionListener.recordApplicationEvents' -> false]]].
15:26:11.129 [Test worker] DEBUG org.springframework.test.context.support.TestPropertySourceUtils - Adding inlined properties to environment: {spring.jmx.enabled=false, org.springframework.boot.test.context.SpringBootTestContextBootstrapper=true}

  .   ____          _            __ _ _
 /\\ / ___'_ __ _ _(_)_ __  __ _ \ \ \ \
( ( )\___ | '_ | '_| | '_ \/ _` | \ \ \ \
 \\/  ___)| |_)| | | | | || (_| |  ) ) ) )
  '  |____| .__|_| |_|_| |_\__, | / / / /
 =========|_|==============|___/=/_/_/_/
 :: Spring Boot ::                (v2.4.5)

2021-04-19 15:26:11.451  INFO 19180 --- [    Test worker] b.x.notifyme.NotifymeApplicationTests    : Starting NotifymeApplicationTests using Java 11.0.9 on LAPTOP-7H52MUQ1 with PID 19180 (started by arthu in D:\Stage\notifyme\main)
2021-04-19 15:26:11.456  INFO 19180 --- [    Test worker] b.x.notifyme.NotifymeApplicationTests    : No active profile set, falling back to default profiles: default
2021-04-19 15:26:12.026  INFO 19180 --- [    Test worker] b.x.notifyme.NotifymeApplicationTests    : Started NotifymeApplicationTests in 0.892 seconds (JVM running for 2.594)
]]></system-out>
  <system-err><![CDATA[]]></system-err>
</testsuite>
