<?xml version="1.0" encoding="UTF-8"?>
<testsuite name="be.xplore.notifyme.NotifymeApplicationTests" tests="1" skipped="0" failures="0" errors="0" timestamp="2021-04-19T10:54:03" hostname="LAPTOP-7H52MUQ1" time="0.351">
  <properties/>
  <testcase name="contextLoads()" classname="be.xplore.notifyme.NotifymeApplicationTests" time="0.351"/>
  <system-out><![CDATA[12:54:02.371 [Test worker] DEBUG org.springframework.test.context.BootstrapUtils - Instantiating CacheAwareContextLoaderDelegate from class [org.springframework.test.context.cache.DefaultCacheAwareContextLoaderDelegate]
12:54:02.385 [Test worker] DEBUG org.springframework.test.context.BootstrapUtils - Instantiating BootstrapContext using constructor [public org.springframework.test.context.support.DefaultBootstrapContext(java.lang.Class,org.springframework.test.context.CacheAwareContextLoaderDelegate)]
12:54:02.422 [Test worker] DEBUG org.springframework.test.context.BootstrapUtils - Instantiating TestContextBootstrapper for test class [be.xplore.notifyme.NotifymeApplicationTests] from class [org.springframework.boot.test.context.SpringBootTestContextBootstrapper]
12:54:02.432 [Test worker] INFO org.springframework.boot.test.context.SpringBootTestContextBootstrapper - Neither @ContextConfiguration nor @ContextHierarchy found for test class [be.xplore.notifyme.NotifymeApplicationTests], using SpringBootContextLoader
12:54:02.436 [Test worker] DEBUG org.springframework.test.context.support.AbstractContextLoader - Did not detect default resource location for test class [be.xplore.notifyme.NotifymeApplicationTests]: class path resource [be/xplore/notifyme/NotifymeApplicationTests-context.xml] does not exist
12:54:02.436 [Test worker] DEBUG org.springframework.test.context.support.AbstractContextLoader - Did not detect default resource location for test class [be.xplore.notifyme.NotifymeApplicationTests]: class path resource [be/xplore/notifyme/NotifymeApplicationTestsContext.groovy] does not exist
12:54:02.437 [Test worker] INFO org.springframework.test.context.support.AbstractContextLoader - Could not detect default resource locations for test class [be.xplore.notifyme.NotifymeApplicationTests]: no resource found for suffixes {-context.xml, Context.groovy}.
12:54:02.437 [Test worker] INFO org.springframework.test.context.support.AnnotationConfigContextLoaderUtils - Could not detect default configuration classes for test class [be.xplore.notifyme.NotifymeApplicationTests]: NotifymeApplicationTests does not declare any static, non-private, non-final, nested classes annotated with @Configuration.
12:54:02.483 [Test worker] DEBUG org.springframework.test.context.support.ActiveProfilesUtils - Could not find an 'annotation declaring class' for annotation type [org.springframework.test.context.ActiveProfiles] and class [be.xplore.notifyme.NotifymeApplicationTests]
12:54:02.550 [Test worker] DEBUG org.springframework.context.annotation.ClassPathScanningCandidateComponentProvider - Identified candidate component class: file [D:\Stage\notifyme\build\classes\java\main\be\xplore\notifyme\NotifymeApplication.class]
12:54:02.551 [Test worker] INFO org.springframework.boot.test.context.SpringBootTestContextBootstrapper - Found @SpringBootConfiguration be.xplore.notifyme.NotifymeApplication for test class be.xplore.notifyme.NotifymeApplicationTests
12:54:02.673 [Test worker] DEBUG org.springframework.boot.test.context.SpringBootTestContextBootstrapper - @TestExecutionListeners is not present for class [be.xplore.notifyme.NotifymeApplicationTests]: using defaults.
12:54:02.673 [Test worker] INFO org.springframework.boot.test.context.SpringBootTestContextBootstrapper - Loaded default TestExecutionListener class names from location [META-INF/spring.factories]: [org.springframework.boot.test.autoconfigure.restdocs.RestDocsTestExecutionListener, org.springframework.boot.test.autoconfigure.web.client.MockRestServiceServerResetTestExecutionListener, org.springframework.boot.test.autoconfigure.web.servlet.MockMvcPrintOnlyOnFailureTestExecutionListener, org.springframework.boot.test.autoconfigure.web.servlet.WebDriverTestExecutionListener, org.springframework.boot.test.autoconfigure.webservices.client.MockWebServiceServerTestExecutionListener, org.springframework.boot.test.mock.mockito.MockitoTestExecutionListener, org.springframework.boot.test.mock.mockito.ResetMocksTestExecutionListener, org.springframework.test.context.web.ServletTestExecutionListener, org.springframework.test.context.support.DirtiesContextBeforeModesTestExecutionListener, org.springframework.test.context.event.ApplicationEventsTestExecutionListener, org.springframework.test.context.support.DependencyInjectionTestExecutionListener, org.springframework.test.context.support.DirtiesContextTestExecutionListener, org.springframework.test.context.transaction.TransactionalTestExecutionListener, org.springframework.test.context.jdbc.SqlScriptsTestExecutionListener, org.springframework.test.context.event.EventPublishingTestExecutionListener]
12:54:02.683 [Test worker] DEBUG org.springframework.boot.test.context.SpringBootTestContextBootstrapper - Skipping candidate TestExecutionListener [org.springframework.test.context.web.ServletTestExecutionListener] due to a missing dependency. Specify custom listener classes or make the default listener classes and their required dependencies available. Offending class: [javax/servlet/ServletContext]
12:54:02.685 [Test worker] DEBUG org.springframework.boot.test.context.SpringBootTestContextBootstrapper - Skipping candidate TestExecutionListener [org.springframework.test.context.transaction.TransactionalTestExecutionListener] due to a missing dependency. Specify custom listener classes or make the default listener classes and their required dependencies available. Offending class: [org/springframework/transaction/interceptor/TransactionAttributeSource]
12:54:02.686 [Test worker] DEBUG org.springframework.boot.test.context.SpringBootTestContextBootstrapper - Skipping candidate TestExecutionListener [org.springframework.test.context.jdbc.SqlScriptsTestExecutionListener] due to a missing dependency. Specify custom listener classes or make the default listener classes and their required dependencies available. Offending class: [org/springframework/transaction/interceptor/TransactionAttribute]
12:54:02.686 [Test worker] INFO org.springframework.boot.test.context.SpringBootTestContextBootstrapper - Using TestExecutionListeners: [org.springframework.test.context.support.DirtiesContextBeforeModesTestExecutionListener@7bc6eae6, org.springframework.test.context.event.ApplicationEventsTestExecutionListener@5ebba97c, org.springframework.boot.test.mock.mockito.MockitoTestExecutionListener@33ddc57d, org.springframework.boot.test.autoconfigure.SpringBootDependencyInjectionTestExecutionListener@2fcecf32, org.springframework.test.context.support.DirtiesContextTestExecutionListener@639381f7, org.springframework.test.context.event.EventPublishingTestExecutionListener@606024b0, org.springframework.boot.test.autoconfigure.restdocs.RestDocsTestExecutionListener@3d4be3ec, org.springframework.boot.test.autoconfigure.web.client.MockRestServiceServerResetTestExecutionListener@64a50c28, org.springframework.boot.test.autoconfigure.web.servlet.MockMvcPrintOnlyOnFailureTestExecutionListener@1b46a572, org.springframework.boot.test.autoconfigure.web.servlet.WebDriverTestExecutionListener@7ae2470e, org.springframework.boot.test.autoconfigure.webservices.client.MockWebServiceServerTestExecutionListener@18d48f3d, org.springframework.boot.test.mock.mockito.ResetMocksTestExecutionListener@545c1443]
12:54:02.690 [Test worker] DEBUG org.springframework.test.context.support.AbstractDirtiesContextTestExecutionListener - Before test class: context [DefaultTestContext@9d294a5 testClass = NotifymeApplicationTests, testInstance = [null], testMethod = [null], testException = [null], mergedContextConfiguration = [MergedContextConfiguration@12eaa3be testClass = NotifymeApplicationTests, locations = '{}', classes = '{class be.xplore.notifyme.NotifymeApplication}', contextInitializerClasses = '[]', activeProfiles = '{}', propertySourceLocations = '{}', propertySourceProperties = '{org.springframework.boot.test.context.SpringBootTestContextBootstrapper=true}', contextCustomizers = set[org.springframework.boot.test.autoconfigure.actuate.metrics.MetricsExportContextCustomizerFactory$DisableMetricExportContextCustomizer@21d724c4, org.springframework.boot.test.autoconfigure.properties.PropertyMappingContextCustomizer@0, org.springframework.boot.test.autoconfigure.web.servlet.WebDriverContextCustomizerFactory$Customizer@2608651a, org.springframework.boot.test.context.filter.ExcludeFilterContextCustomizer@6652b24f, org.springframework.boot.test.json.DuplicateJsonObjectContextCustomizerFactory$DuplicateJsonObjectContextCustomizer@7514459f, org.springframework.boot.test.mock.mockito.MockitoContextCustomizer@0, org.springframework.boot.test.web.client.TestRestTemplateContextCustomizer@1cb45ec1, org.springframework.boot.test.context.SpringBootTestArgs@1, org.springframework.boot.test.context.SpringBootTestWebEnvironment@46bb5686], contextLoader = 'org.springframework.boot.test.context.SpringBootContextLoader', parent = [null]], attributes = map[[empty]]], class annotated with @DirtiesContext [false] with mode [null].
12:54:02.704 [Test worker] DEBUG org.springframework.test.context.support.DependencyInjectionTestExecutionListener - Performing dependency injection for test context [[DefaultTestContext@9d294a5 testClass = NotifymeApplicationTests, testInstance = be.xplore.notifyme.NotifymeApplicationTests@6efbaa23, testMethod = [null], testException = [null], mergedContextConfiguration = [MergedContextConfiguration@12eaa3be testClass = NotifymeApplicationTests, locations = '{}', classes = '{class be.xplore.notifyme.NotifymeApplication}', contextInitializerClasses = '[]', activeProfiles = '{}', propertySourceLocations = '{}', propertySourceProperties = '{org.springframework.boot.test.context.SpringBootTestContextBootstrapper=true}', contextCustomizers = set[org.springframework.boot.test.autoconfigure.actuate.metrics.MetricsExportContextCustomizerFactory$DisableMetricExportContextCustomizer@21d724c4, org.springframework.boot.test.autoconfigure.properties.PropertyMappingContextCustomizer@0, org.springframework.boot.test.autoconfigure.web.servlet.WebDriverContextCustomizerFactory$Customizer@2608651a, org.springframework.boot.test.context.filter.ExcludeFilterContextCustomizer@6652b24f, org.springframework.boot.test.json.DuplicateJsonObjectContextCustomizerFactory$DuplicateJsonObjectContextCustomizer@7514459f, org.springframework.boot.test.mock.mockito.MockitoContextCustomizer@0, org.springframework.boot.test.web.client.TestRestTemplateContextCustomizer@1cb45ec1, org.springframework.boot.test.context.SpringBootTestArgs@1, org.springframework.boot.test.context.SpringBootTestWebEnvironment@46bb5686], contextLoader = 'org.springframework.boot.test.context.SpringBootContextLoader', parent = [null]], attributes = map['org.springframework.test.context.event.ApplicationEventsTestExecutionListener.recordApplicationEvents' -> false]]].
12:54:02.736 [Test worker] DEBUG org.springframework.test.context.support.TestPropertySourceUtils - Adding inlined properties to environment: {spring.jmx.enabled=false, org.springframework.boot.test.context.SpringBootTestContextBootstrapper=true}

  .   ____          _            __ _ _
 /\\ / ___'_ __ _ _(_)_ __  __ _ \ \ \ \
( ( )\___ | '_ | '_| | '_ \/ _` | \ \ \ \
 \\/  ___)| |_)| | | | | || (_| |  ) ) ) )
  '  |____| .__|_| |_|_| |_\__, | / / / /
 =========|_|==============|___/=/_/_/_/
 :: Spring Boot ::                (v2.4.5)

2021-04-19 12:54:03.002  INFO 15472 --- [    Test worker] b.x.notifyme.NotifymeApplicationTests    : Starting NotifymeApplicationTests using Java 11.0.9 on LAPTOP-7H52MUQ1 with PID 15472 (started by arthu in D:\Stage\notifyme)
2021-04-19 12:54:03.005  INFO 15472 --- [    Test worker] b.x.notifyme.NotifymeApplicationTests    : No active profile set, falling back to default profiles: default
2021-04-19 12:54:03.535  INFO 15472 --- [    Test worker] b.x.notifyme.NotifymeApplicationTests    : Started NotifymeApplicationTests in 0.794 seconds (JVM running for 2.35)
]]></system-out>
  <system-err><![CDATA[]]></system-err>
</testsuite>
